dic 15, 2024 12:59:39 P. M. PVZException logException
GRAVE: PVZException: You don't choose a name to plant player
dic 15, 2024 2:17:54 P. M. PVZException logException
GRAVE: PVZException: The suns aren't enough
dic 15, 2024 2:18:02 P. M. PVZException logException
GRAVE: PVZException: You don't select a plant to add
dic 15, 2024 2:18:04 P. M. PVZException logException
GRAVE: PVZException: You don't select a plant to add
dic 15, 2024 2:18:15 P. M. PVZException logException
GRAVE: PVZException: The suns aren't enough
dic 15, 2024 2:19:03 P. M. PVZException logException
GRAVE: PVZException: The suns aren't enough
dic 15, 2024 2:19:47 P. M. PVZException logException
GRAVE: PVZException: One plant is already in this cell
dic 15, 2024 2:19:50 P. M. PVZException logException
GRAVE: PVZException: One plant is already in this cell
dic 15, 2024 2:20:02 P. M. PVZException logException
GRAVE: PVZException: One plant is already in this cell
dic 15, 2024 3:38:11 P. M. PVZException logException
GRAVE: PVZException: You don't choose a name to plant player
dic 15, 2024 3:41:29 P. M. PVZGUI lambda$main$6
GRAVE: Excepción no manejada en el hilo 'AWT-EventQueue-0': remove
dic 15, 2024 3:43:49 P. M. PVZGUI lambda$main$6
GRAVE: Excepción no manejada en el hilo 'AWT-EventQueue-0': remove en java.base/java.util.Iterator.remove(Iterator.java:102)
dic 15, 2024 3:45:19 P. M. PVZGUI lambda$main$6
GRAVE: Excepción no manejada en el hilo 'AWT-EventQueue-0': remove
dic 15, 2024 3:45:19 P. M. PVZGUI lambda$main$6
GRAVE: java.base/java.util.Iterator.remove(Iterator.java:102)
dic 15, 2024 3:45:19 P. M. PVZGUI lambda$main$6
GRAVE: java.base/java.util.AbstractCollection.remove(AbstractCollection.java:285)
dic 15, 2024 3:45:19 P. M. PVZGUI lambda$main$6
GRAVE: PvsM.<init>(PvsM.java:40)
dic 15, 2024 3:45:19 P. M. PVZGUI lambda$main$6
GRAVE: PVZ.startingGame(PVZ.java:103)
dic 15, 2024 3:45:19 P. M. PVZGUI lambda$main$6
GRAVE: PVZ.<init>(PVZ.java:72)
dic 15, 2024 3:45:19 P. M. PVZGUI lambda$main$6
GRAVE: PVZInGame.<init>(PVZInGame.java:51)
dic 15, 2024 3:45:19 P. M. PVZGUI lambda$main$6
GRAVE: Configuration.openPVZInGameWindow(Configuration.java:611)
dic 15, 2024 3:45:19 P. M. PVZGUI lambda$main$6
GRAVE: Configuration.lambda$prepareActionsToZombiesElection$18(Configuration.java:532)
dic 15, 2024 3:45:19 P. M. PVZGUI lambda$main$6
GRAVE: java.desktop/javax.swing.AbstractButton.fireActionPerformed(AbstractButton.java:1972)
dic 15, 2024 3:45:19 P. M. PVZGUI lambda$main$6
GRAVE: java.desktop/javax.swing.AbstractButton$Handler.actionPerformed(AbstractButton.java:2314)
dic 15, 2024 3:45:19 P. M. PVZGUI lambda$main$6
GRAVE: java.desktop/javax.swing.DefaultButtonModel.fireActionPerformed(DefaultButtonModel.java:407)
dic 15, 2024 3:45:19 P. M. PVZGUI lambda$main$6
GRAVE: java.desktop/javax.swing.DefaultButtonModel.setPressed(DefaultButtonModel.java:262)
dic 15, 2024 3:45:19 P. M. PVZGUI lambda$main$6
GRAVE: java.desktop/javax.swing.plaf.basic.BasicButtonListener.mouseReleased(BasicButtonListener.java:279)
dic 15, 2024 3:45:19 P. M. PVZGUI lambda$main$6
GRAVE: java.desktop/java.awt.Component.processMouseEvent(Component.java:6621)
dic 15, 2024 3:45:19 P. M. PVZGUI lambda$main$6
GRAVE: java.desktop/javax.swing.JComponent.processMouseEvent(JComponent.java:3398)
dic 15, 2024 3:45:19 P. M. PVZGUI lambda$main$6
GRAVE: java.desktop/java.awt.Component.processEvent(Component.java:6386)
dic 15, 2024 3:45:19 P. M. PVZGUI lambda$main$6
GRAVE: java.desktop/java.awt.Container.processEvent(Container.java:2266)
dic 15, 2024 3:45:19 P. M. PVZGUI lambda$main$6
GRAVE: java.desktop/java.awt.Component.dispatchEventImpl(Component.java:4996)
dic 15, 2024 3:45:19 P. M. PVZGUI lambda$main$6
GRAVE: java.desktop/java.awt.Container.dispatchEventImpl(Container.java:2324)
dic 15, 2024 3:45:19 P. M. PVZGUI lambda$main$6
GRAVE: java.desktop/java.awt.Component.dispatchEvent(Component.java:4828)
dic 15, 2024 3:45:19 P. M. PVZGUI lambda$main$6
GRAVE: java.desktop/java.awt.LightweightDispatcher.retargetMouseEvent(Container.java:4948)
dic 15, 2024 3:45:19 P. M. PVZGUI lambda$main$6
GRAVE: java.desktop/java.awt.LightweightDispatcher.processMouseEvent(Container.java:4575)
dic 15, 2024 3:45:19 P. M. PVZGUI lambda$main$6
GRAVE: java.desktop/java.awt.LightweightDispatcher.dispatchEvent(Container.java:4516)
dic 15, 2024 3:45:19 P. M. PVZGUI lambda$main$6
GRAVE: java.desktop/java.awt.Container.dispatchEventImpl(Container.java:2310)
dic 15, 2024 3:45:19 P. M. PVZGUI lambda$main$6
GRAVE: java.desktop/java.awt.Window.dispatchEventImpl(Window.java:2780)
dic 15, 2024 3:45:19 P. M. PVZGUI lambda$main$6
GRAVE: java.desktop/java.awt.Component.dispatchEvent(Component.java:4828)
dic 15, 2024 3:45:19 P. M. PVZGUI lambda$main$6
GRAVE: java.desktop/java.awt.EventQueue.dispatchEventImpl(EventQueue.java:775)
dic 15, 2024 3:45:19 P. M. PVZGUI lambda$main$6
GRAVE: java.desktop/java.awt.EventQueue$4.run(EventQueue.java:720)
dic 15, 2024 3:45:19 P. M. PVZGUI lambda$main$6
GRAVE: java.desktop/java.awt.EventQueue$4.run(EventQueue.java:714)
dic 15, 2024 3:45:19 P. M. PVZGUI lambda$main$6
GRAVE: java.base/java.security.AccessController.doPrivileged(AccessController.java:400)
dic 15, 2024 3:45:19 P. M. PVZGUI lambda$main$6
GRAVE: java.base/java.security.ProtectionDomain$JavaSecurityAccessImpl.doIntersectionPrivilege(ProtectionDomain.java:87)
dic 15, 2024 3:45:19 P. M. PVZGUI lambda$main$6
GRAVE: java.base/java.security.ProtectionDomain$JavaSecurityAccessImpl.doIntersectionPrivilege(ProtectionDomain.java:98)
dic 15, 2024 3:45:19 P. M. PVZGUI lambda$main$6
GRAVE: java.desktop/java.awt.EventQueue$5.run(EventQueue.java:747)
dic 15, 2024 3:45:19 P. M. PVZGUI lambda$main$6
GRAVE: java.desktop/java.awt.EventQueue$5.run(EventQueue.java:745)
dic 15, 2024 3:45:19 P. M. PVZGUI lambda$main$6
GRAVE: java.base/java.security.AccessController.doPrivileged(AccessController.java:400)
dic 15, 2024 3:45:19 P. M. PVZGUI lambda$main$6
GRAVE: java.base/java.security.ProtectionDomain$JavaSecurityAccessImpl.doIntersectionPrivilege(ProtectionDomain.java:87)
dic 15, 2024 3:45:19 P. M. PVZGUI lambda$main$6
GRAVE: java.desktop/java.awt.EventQueue.dispatchEvent(EventQueue.java:744)
dic 15, 2024 3:45:19 P. M. PVZGUI lambda$main$6
GRAVE: java.desktop/java.awt.EventDispatchThread.pumpOneEventForFilters(EventDispatchThread.java:203)
dic 15, 2024 3:45:19 P. M. PVZGUI lambda$main$6
GRAVE: java.desktop/java.awt.EventDispatchThread.pumpEventsForFilter(EventDispatchThread.java:124)
dic 15, 2024 3:45:19 P. M. PVZGUI lambda$main$6
GRAVE: java.desktop/java.awt.EventDispatchThread.pumpEventsForHierarchy(EventDispatchThread.java:113)
dic 15, 2024 3:45:19 P. M. PVZGUI lambda$main$6
GRAVE: java.desktop/java.awt.EventDispatchThread.pumpEvents(EventDispatchThread.java:109)
dic 15, 2024 3:45:19 P. M. PVZGUI lambda$main$6
GRAVE: java.desktop/java.awt.EventDispatchThread.pumpEvents(EventDispatchThread.java:101)
dic 15, 2024 3:45:19 P. M. PVZGUI lambda$main$6
GRAVE: java.desktop/java.awt.EventDispatchThread.run(EventDispatchThread.java:90)
dic 15, 2024 3:47:39 P. M. PVZException logException
GRAVE: PVZException: The suns aren't enough
dic 15, 2024 3:47:40 P. M. PVZGUI lambda$main$6
GRAVE: Excepción no manejada en el hilo 'AWT-EventQueue-0': Cannot invoke "java.util.List.iterator()" because "this.brainsInGame" is null
dic 15, 2024 3:47:40 P. M. PVZGUI lambda$main$6
GRAVE: ZombieStrategic.zombieAction(ZombieStrategic.java:142)
dic 15, 2024 3:47:40 P. M. PVZGUI lambda$main$6
GRAVE: ZombieStrategic.lambda$startGame$0(ZombieStrategic.java:30)
dic 15, 2024 3:47:40 P. M. PVZGUI lambda$main$6
GRAVE: java.desktop/javax.swing.Timer.fireActionPerformed(Timer.java:311)
dic 15, 2024 3:47:40 P. M. PVZGUI lambda$main$6
GRAVE: java.desktop/javax.swing.Timer$DoPostEvent.run(Timer.java:243)
dic 15, 2024 3:47:40 P. M. PVZGUI lambda$main$6
GRAVE: java.desktop/java.awt.event.InvocationEvent.dispatch(InvocationEvent.java:318)
dic 15, 2024 3:47:40 P. M. PVZGUI lambda$main$6
GRAVE: java.desktop/java.awt.EventQueue.dispatchEventImpl(EventQueue.java:773)
dic 15, 2024 3:47:40 P. M. PVZGUI lambda$main$6
GRAVE: java.desktop/java.awt.EventQueue$4.run(EventQueue.java:720)
dic 15, 2024 3:47:40 P. M. PVZGUI lambda$main$6
GRAVE: java.desktop/java.awt.EventQueue$4.run(EventQueue.java:714)
dic 15, 2024 3:47:40 P. M. PVZGUI lambda$main$6
GRAVE: java.base/java.security.AccessController.doPrivileged(AccessController.java:400)
dic 15, 2024 3:47:40 P. M. PVZGUI lambda$main$6
GRAVE: java.base/java.security.ProtectionDomain$JavaSecurityAccessImpl.doIntersectionPrivilege(ProtectionDomain.java:87)
dic 15, 2024 3:47:40 P. M. PVZGUI lambda$main$6
GRAVE: java.desktop/java.awt.EventQueue.dispatchEvent(EventQueue.java:742)
dic 15, 2024 3:47:40 P. M. PVZGUI lambda$main$6
GRAVE: java.desktop/java.awt.EventDispatchThread.pumpOneEventForFilters(EventDispatchThread.java:203)
dic 15, 2024 3:47:40 P. M. PVZGUI lambda$main$6
GRAVE: java.desktop/java.awt.EventDispatchThread.pumpEventsForFilter(EventDispatchThread.java:124)
dic 15, 2024 3:47:40 P. M. PVZGUI lambda$main$6
GRAVE: java.desktop/java.awt.EventDispatchThread.pumpEventsForHierarchy(EventDispatchThread.java:113)
dic 15, 2024 3:47:40 P. M. PVZGUI lambda$main$6
GRAVE: java.desktop/java.awt.EventDispatchThread.pumpEvents(EventDispatchThread.java:109)
dic 15, 2024 3:47:40 P. M. PVZGUI lambda$main$6
GRAVE: java.desktop/java.awt.EventDispatchThread.pumpEvents(EventDispatchThread.java:101)
dic 15, 2024 3:47:40 P. M. PVZGUI lambda$main$6
GRAVE: java.desktop/java.awt.EventDispatchThread.run(EventDispatchThread.java:90)
dic 15, 2024 3:50:57 P. M. PVZException logException
GRAVE: PVZException: The brains aren't enough
dic 15, 2024 3:51:07 P. M. PVZException logException
GRAVE: PVZException: The brains aren't enough
dic 15, 2024 3:56:32 P. M. PVZException logException
GRAVE: PVZException: The coin that do you wanna add doesn't exist
dic 15, 2024 3:56:34 P. M. PVZException logException
GRAVE: PVZException: The suns aren't enough
dic 15, 2024 3:56:37 P. M. PVZException logException
GRAVE: PVZException: The suns aren't enough
dic 15, 2024 3:56:42 P. M. PVZException logException
GRAVE: PVZException: The coin that do you wanna add doesn't exist
dic 15, 2024 3:56:52 P. M. PVZException logException
GRAVE: PVZException: One plant is already in this cell
dic 15, 2024 3:56:52 P. M. PVZException logException
GRAVE: PVZException: The coin that do you wanna add doesn't exist
dic 15, 2024 3:57:00 P. M. PVZException logException
GRAVE: PVZException: The suns aren't enough
dic 15, 2024 3:57:02 P. M. PVZException logException
GRAVE: PVZException: The coin that do you wanna add doesn't exist
dic 15, 2024 4:02:28 P. M. PVZException logException
GRAVE: PVZException: You don't select a plant to add
dic 15, 2024 4:02:35 P. M. PVZException logException
GRAVE: PVZException: The coin that do you wanna add doesn't exist
dic 15, 2024 4:02:45 P. M. PVZException logException
GRAVE: PVZException: The coin that do you wanna add doesn't exist
dic 15, 2024 4:02:52 P. M. PVZException logException
GRAVE: PVZException: The suns aren't enough
dic 15, 2024 4:03:05 P. M. PVZException logException
GRAVE: PVZException: The coin that do you wanna add doesn't exist
dic 15, 2024 4:10:07 P. M. PVZException logException
GRAVE: PVZException: The coin that do you wanna add doesn't exist
dic 15, 2024 4:10:09 P. M. PVZException logException
GRAVE: PVZException: The suns aren't enough
dic 15, 2024 4:10:11 P. M. PVZException logException
GRAVE: PVZException: The suns aren't enough
dic 15, 2024 4:10:16 P. M. PVZException logException
GRAVE: PVZException: The suns aren't enough
dic 15, 2024 4:10:17 P. M. PVZException logException
GRAVE: PVZException: The suns aren't enough
dic 15, 2024 4:10:17 P. M. PVZException logException
GRAVE: PVZException: The coin that do you wanna add doesn't exist
dic 15, 2024 4:10:32 P. M. PVZException logException
GRAVE: PVZException: The suns aren't enough
dic 15, 2024 4:10:37 P. M. PVZException logException
GRAVE: PVZException: The coin that do you wanna add doesn't exist
dic 15, 2024 4:10:47 P. M. PVZException logException
GRAVE: PVZException: The coin that do you wanna add doesn't exist
dic 15, 2024 4:10:57 P. M. PVZException logException
GRAVE: PVZException: The coin that do you wanna add doesn't exist
dic 15, 2024 4:11:09 P. M. PVZException logException
GRAVE: PVZException: One plant is already in this cell
dic 15, 2024 4:11:12 P. M. PVZException logException
GRAVE: PVZException: The suns aren't enough
dic 15, 2024 4:11:17 P. M. PVZException logException
GRAVE: PVZException: The coin that do you wanna add doesn't exist
dic 15, 2024 4:11:17 P. M. PVZException logException
GRAVE: PVZException: The suns aren't enough
dic 15, 2024 4:11:23 P. M. PVZException logException
GRAVE: PVZException: The suns aren't enough
dic 15, 2024 4:11:27 P. M. PVZException logException
GRAVE: PVZException: The coin that do you wanna add doesn't exist
dic 15, 2024 4:11:37 P. M. PVZException logException
GRAVE: PVZException: The coin that do you wanna add doesn't exist
dic 15, 2024 4:11:57 P. M. PVZException logException
GRAVE: PVZException: The coin that do you wanna add doesn't exist
dic 15, 2024 4:12:07 P. M. PVZException logException
GRAVE: PVZException: The coin that do you wanna add doesn't exist
dic 15, 2024 4:14:51 P. M. PVZException logException
GRAVE: PVZException: The suns aren't enough
dic 15, 2024 4:15:09 P. M. PVZException logException
GRAVE: PVZException: The coin that do you wanna add doesn't exist
dic 15, 2024 4:15:19 P. M. PVZException logException
GRAVE: PVZException: The coin that do you wanna add doesn't exist
dic 15, 2024 4:15:20 P. M. PVZException logException
GRAVE: PVZException: You don't select a plant to add
dic 15, 2024 4:15:33 P. M. PVZException logException
GRAVE: PVZException: The suns aren't enough
dic 15, 2024 4:15:39 P. M. PVZException logException
GRAVE: PVZException: The coin that do you wanna add doesn't exist
dic 15, 2024 4:15:39 P. M. PVZException logException
GRAVE: PVZException: The suns aren't enough
dic 15, 2024 4:15:49 P. M. PVZException logException
GRAVE: PVZException: The coin that do you wanna add doesn't exist
dic 15, 2024 4:15:52 P. M. PVZException logException
GRAVE: PVZException: One plant is already in this cell
dic 15, 2024 4:15:59 P. M. PVZException logException
GRAVE: PVZException: The coin that do you wanna add doesn't exist
dic 15, 2024 4:16:02 P. M. PVZException logException
GRAVE: PVZException: One plant is already in this cell
dic 15, 2024 4:16:06 P. M. PVZException logException
GRAVE: PVZException: One plant is already in this cell
dic 15, 2024 4:16:19 P. M. PVZException logException
GRAVE: PVZException: The coin that do you wanna add doesn't exist
dic 15, 2024 4:16:24 P. M. PVZException logException
GRAVE: PVZException: One plant is already in this cell
dic 15, 2024 4:16:26 P. M. PVZException logException
GRAVE: PVZException: One plant is already in this cell
dic 15, 2024 4:16:27 P. M. PVZException logException
GRAVE: PVZException: One plant is already in this cell
dic 15, 2024 4:16:29 P. M. PVZException logException
GRAVE: PVZException: The coin that do you wanna add doesn't exist
dic 15, 2024 4:16:39 P. M. PVZException logException
GRAVE: PVZException: The coin that do you wanna add doesn't exist
dic 15, 2024 4:16:47 P. M. PVZException logException
GRAVE: PVZException: One plant is already in this cell
dic 15, 2024 4:16:47 P. M. PVZException logException
GRAVE: PVZException: One plant is already in this cell
dic 15, 2024 4:16:49 P. M. PVZException logException
GRAVE: PVZException: The coin that do you wanna add doesn't exist
dic 15, 2024 4:16:50 P. M. PVZException logException
GRAVE: PVZException: One plant is already in this cell
dic 15, 2024 4:16:59 P. M. PVZException logException
GRAVE: PVZException: The coin that do you wanna add doesn't exist
dic 15, 2024 4:21:41 P. M. PVZException logException
GRAVE: PVZException: The suns aren't enough
dic 15, 2024 4:21:44 P. M. PVZException logException
GRAVE: PVZException: The suns aren't enough
dic 15, 2024 4:21:45 P. M. PVZException logException
GRAVE: PVZException: One plant is already in this cell
dic 15, 2024 4:21:47 P. M. PVZException logException
GRAVE: PVZException: The coin that do you wanna add doesn't exist
dic 15, 2024 4:21:55 P. M. PVZException logException
GRAVE: PVZException: The suns aren't enough
dic 15, 2024 4:21:57 P. M. PVZException logException
GRAVE: PVZException: The coin that do you wanna add doesn't exist
dic 15, 2024 4:22:17 P. M. PVZException logException
GRAVE: PVZException: The coin that do you wanna add doesn't exist
dic 15, 2024 4:22:27 P. M. PVZException logException
GRAVE: PVZException: The coin that do you wanna add doesn't exist
dic 15, 2024 4:22:37 P. M. PVZException logException
GRAVE: PVZException: The coin that do you wanna add doesn't exist
dic 15, 2024 4:22:57 P. M. PVZException logException
GRAVE: PVZException: The coin that do you wanna add doesn't exist
dic 15, 2024 4:23:07 P. M. PVZException logException
GRAVE: PVZException: The coin that do you wanna add doesn't exist
dic 15, 2024 4:23:08 P. M. PVZException logException
GRAVE: PVZException: The suns aren't enough
dic 15, 2024 4:23:10 P. M. PVZException logException
GRAVE: PVZException: The suns aren't enough
dic 15, 2024 4:23:17 P. M. PVZException logException
GRAVE: PVZException: The coin that do you wanna add doesn't exist
dic 15, 2024 4:23:27 P. M. PVZException logException
GRAVE: PVZException: The coin that do you wanna add doesn't exist
dic 15, 2024 4:23:37 P. M. PVZException logException
GRAVE: PVZException: The coin that do you wanna add doesn't exist
dic 15, 2024 4:23:47 P. M. PVZException logException
GRAVE: PVZException: The coin that do you wanna add doesn't exist
dic 15, 2024 4:24:07 P. M. PVZException logException
GRAVE: PVZException: The coin that do you wanna add doesn't exist
dic 15, 2024 4:24:17 P. M. PVZException logException
GRAVE: PVZException: The coin that do you wanna add doesn't exist
dic 15, 2024 4:24:19 P. M. PVZException logException
GRAVE: PVZException: One plant is already in this cell
dic 15, 2024 4:24:20 P. M. PVZException logException
GRAVE: PVZException: One plant is already in this cell
dic 15, 2024 4:24:22 P. M. PVZException logException
GRAVE: PVZException: One plant is already in this cell
dic 15, 2024 4:24:27 P. M. PVZException logException
GRAVE: PVZException: The coin that do you wanna add doesn't exist
dic 15, 2024 4:41:29 P. M. PVZException logException
GRAVE: PVZException: The suns aren't enough
dic 15, 2024 4:42:11 P. M. PVZException logException
GRAVE: PVZException: The suns aren't enough
dic 15, 2024 4:42:14 P. M. PVZException logException
GRAVE: PVZException: The suns aren't enough
dic 15, 2024 4:42:15 P. M. PVZException logException
GRAVE: PVZException: The suns aren't enough
dic 15, 2024 4:42:25 P. M. PVZException logException
GRAVE: PVZException: The suns aren't enough
dic 15, 2024 4:42:30 P. M. PVZException logException
GRAVE: PVZException: The suns aren't enough
dic 15, 2024 5:05:45 P. M. PVZException logException
GRAVE: PVZException: The brains is less or equal that 0
dic 15, 2024 5:06:54 P. M. PVZException logException
GRAVE: PVZException: The suns aren't enough
dic 15, 2024 5:06:54 P. M. PVZException logException
GRAVE: PVZException: The suns aren't enough
dic 15, 2024 5:07:14 P. M. PVZException logException
GRAVE: PVZException: One plant is already in this cell
dic 15, 2024 5:07:20 P. M. PVZException logException
GRAVE: PVZException: The suns aren't enough
dic 15, 2024 5:07:39 P. M. PVZException logException
GRAVE: PVZException: The suns aren't enough
dic 15, 2024 5:10:59 P. M. PVZException logException
GRAVE: PVZException: One plant is already in this cell
dic 15, 2024 5:11:05 P. M. PVZException logException
GRAVE: PVZException: The suns aren't enough
dic 15, 2024 5:11:53 P. M. PVZException logException
GRAVE: PVZException: The suns aren't enough
dic 15, 2024 5:12:21 P. M. PVZException logException
GRAVE: PVZException: The suns aren't enough
dic 15, 2024 5:13:08 P. M. PVZException logException
GRAVE: PVZException: The suns aren't enough
dic 15, 2024 5:13:18 P. M. PVZException logException
GRAVE: PVZException: The suns aren't enough
dic 15, 2024 5:18:17 P. M. PVZException logException
GRAVE: PVZException: The suns aren't enough
dic 15, 2024 5:18:36 P. M. PVZException logException
GRAVE: PVZException: The suns aren't enough
dic 15, 2024 5:19:17 P. M. PVZException logException
GRAVE: PVZException: The suns aren't enough
dic 15, 2024 5:20:51 P. M. PVZException logException
GRAVE: PVZException: You don't select a plant to add
dic 15, 2024 5:20:54 P. M. PVZException logException
GRAVE: PVZException: The suns aren't enough
dic 15, 2024 5:21:12 P. M. PVZException logException
GRAVE: PVZException: The suns aren't enough
dic 15, 2024 5:21:44 P. M. PVZException logException
GRAVE: PVZException: One plant is already in this cell
dic 15, 2024 5:21:50 P. M. PVZException logException
GRAVE: PVZException: The suns aren't enough
dic 15, 2024 5:23:50 P. M. PVZException logException
GRAVE: PVZException: One plant is already in this cell
dic 15, 2024 5:24:31 P. M. PVZException logException
GRAVE: PVZException: One plant is already in this cell
dic 15, 2024 5:24:44 P. M. PVZException logException
GRAVE: PVZException: The suns aren't enough
dic 15, 2024 5:25:03 P. M. PVZException logException
GRAVE: PVZException: The suns aren't enough
dic 15, 2024 5:25:32 P. M. PVZException logException
GRAVE: PVZException: The suns aren't enough
dic 15, 2024 5:26:21 P. M. PVZException logException
GRAVE: PVZException: One plant is already in this cell
dic 15, 2024 5:27:37 P. M. PVZException logException
GRAVE: PVZException: One plant is already in this cell
dic 15, 2024 5:32:02 P. M. PVZException logException
GRAVE: PVZException: The suns aren't enough
dic 15, 2024 5:33:56 P. M. PVZException logException
GRAVE: PVZException: One plant is already in this cell
dic 15, 2024 5:34:21 P. M. PVZGUI lambda$main$6
GRAVE: Excepción no manejada en el hilo 'AWT-EventQueue-0': Cannot invoke "PVZ.makeGameFinished()" because "this.pvz" is null
dic 15, 2024 5:34:21 P. M. PVZGUI lambda$main$6
GRAVE: PvsM.finishGame(PvsM.java:62)
dic 15, 2024 5:34:21 P. M. PVZGUI lambda$main$6
GRAVE: PVZ.endGame(PVZ.java:722)
dic 15, 2024 5:34:21 P. M. PVZGUI lambda$main$6
GRAVE: PVZInGame.finishGame(PVZInGame.java:528)
dic 15, 2024 5:34:21 P. M. PVZGUI lambda$main$6
GRAVE: PVZInGame.refresh(PVZInGame.java:465)
dic 15, 2024 5:34:21 P. M. PVZGUI lambda$main$6
GRAVE: PVZInGame.lambda$prepareElements$0(PVZInGame.java:147)
dic 15, 2024 5:34:21 P. M. PVZGUI lambda$main$6
GRAVE: java.desktop/javax.swing.Timer.fireActionPerformed(Timer.java:311)
dic 15, 2024 5:34:21 P. M. PVZGUI lambda$main$6
GRAVE: java.desktop/javax.swing.Timer$DoPostEvent.run(Timer.java:243)
dic 15, 2024 5:34:21 P. M. PVZGUI lambda$main$6
GRAVE: java.desktop/java.awt.event.InvocationEvent.dispatch(InvocationEvent.java:318)
dic 15, 2024 5:34:21 P. M. PVZGUI lambda$main$6
GRAVE: java.desktop/java.awt.EventQueue.dispatchEventImpl(EventQueue.java:773)
dic 15, 2024 5:34:21 P. M. PVZGUI lambda$main$6
GRAVE: java.desktop/java.awt.EventQueue$4.run(EventQueue.java:720)
dic 15, 2024 5:34:21 P. M. PVZGUI lambda$main$6
GRAVE: java.desktop/java.awt.EventQueue$4.run(EventQueue.java:714)
dic 15, 2024 5:34:21 P. M. PVZGUI lambda$main$6
GRAVE: java.base/java.security.AccessController.doPrivileged(AccessController.java:400)
dic 15, 2024 5:34:21 P. M. PVZGUI lambda$main$6
GRAVE: java.base/java.security.ProtectionDomain$JavaSecurityAccessImpl.doIntersectionPrivilege(ProtectionDomain.java:87)
dic 15, 2024 5:34:21 P. M. PVZGUI lambda$main$6
GRAVE: java.desktop/java.awt.EventQueue.dispatchEvent(EventQueue.java:742)
dic 15, 2024 5:34:21 P. M. PVZGUI lambda$main$6
GRAVE: java.desktop/java.awt.EventDispatchThread.pumpOneEventForFilters(EventDispatchThread.java:203)
dic 15, 2024 5:34:21 P. M. PVZGUI lambda$main$6
GRAVE: java.desktop/java.awt.EventDispatchThread.pumpEventsForFilter(EventDispatchThread.java:124)
dic 15, 2024 5:34:21 P. M. PVZGUI lambda$main$6
GRAVE: java.desktop/java.awt.EventDispatchThread.pumpEventsForHierarchy(EventDispatchThread.java:113)
dic 15, 2024 5:34:21 P. M. PVZGUI lambda$main$6
GRAVE: java.desktop/java.awt.EventDispatchThread.pumpEvents(EventDispatchThread.java:109)
dic 15, 2024 5:34:21 P. M. PVZGUI lambda$main$6
GRAVE: java.desktop/java.awt.EventDispatchThread.pumpEvents(EventDispatchThread.java:101)
dic 15, 2024 5:34:21 P. M. PVZGUI lambda$main$6
GRAVE: java.desktop/java.awt.EventDispatchThread.run(EventDispatchThread.java:90)
dic 15, 2024 5:43:57 P. M. PVZException logException
GRAVE: PVZException: You don't select a plant to add
dic 15, 2024 5:44:17 P. M. PVZException logException
GRAVE: PVZException: One plant is already in this cell
dic 15, 2024 5:44:23 P. M. PVZException logException
GRAVE: PVZException: One plant is already in this cell
dic 15, 2024 5:44:55 P. M. PVZException logException
GRAVE: PVZException: One plant is already in this cell
dic 15, 2024 5:45:10 P. M. PVZException logException
GRAVE: PVZException: One plant is already in this cell
dic 15, 2024 5:45:33 P. M. PVZException logException
GRAVE: PVZException: One plant is already in this cell
dic 15, 2024 5:51:39 P. M. PVZException logException
GRAVE: PVZException: You don't select a plant to add
dic 15, 2024 5:52:08 P. M. PVZException logException
GRAVE: PVZException: You don't select a plant to add
dic 15, 2024 5:53:46 P. M. PVZException logException
GRAVE: PVZException: One plant is already in this cell
dic 15, 2024 5:53:57 P. M. PVZException logException
GRAVE: PVZException: One plant is already in this cell
dic 15, 2024 5:58:15 P. M. PVZException logException
GRAVE: PVZException: One plant is already in this cell
dic 15, 2024 6:05:20 P. M. PVZGUI lambda$main$6
GRAVE: Excepción no manejada en el hilo 'AWT-EventQueue-0': Cannot invoke "javax.swing.Timer.isRunning()" because "this.hordeDuration" is null
dic 15, 2024 6:05:20 P. M. PVZGUI lambda$main$6
GRAVE: PvsM.finishGame(PvsM.java:56)
dic 15, 2024 6:05:20 P. M. PVZGUI lambda$main$6
GRAVE: PVZ.endGame(PVZ.java:724)
dic 15, 2024 6:05:20 P. M. PVZGUI lambda$main$6
GRAVE: PVZInGame.openPrincipalWindow(PVZInGame.java:404)
dic 15, 2024 6:05:20 P. M. PVZGUI lambda$main$6
GRAVE: PVZInGame.lambda$prepareActions$2(PVZInGame.java:347)
dic 15, 2024 6:05:20 P. M. PVZGUI lambda$main$6
GRAVE: java.desktop/javax.swing.AbstractButton.fireActionPerformed(AbstractButton.java:1972)
dic 15, 2024 6:05:20 P. M. PVZGUI lambda$main$6
GRAVE: java.desktop/javax.swing.AbstractButton$Handler.actionPerformed(AbstractButton.java:2314)
dic 15, 2024 6:05:20 P. M. PVZGUI lambda$main$6
GRAVE: java.desktop/javax.swing.DefaultButtonModel.fireActionPerformed(DefaultButtonModel.java:407)
dic 15, 2024 6:05:20 P. M. PVZGUI lambda$main$6
GRAVE: java.desktop/javax.swing.DefaultButtonModel.setPressed(DefaultButtonModel.java:262)
dic 15, 2024 6:05:20 P. M. PVZGUI lambda$main$6
GRAVE: java.desktop/javax.swing.AbstractButton.doClick(AbstractButton.java:374)
dic 15, 2024 6:05:20 P. M. PVZGUI lambda$main$6
GRAVE: java.desktop/javax.swing.plaf.basic.BasicMenuItemUI.doClick(BasicMenuItemUI.java:1029)
dic 15, 2024 6:05:20 P. M. PVZGUI lambda$main$6
GRAVE: java.desktop/javax.swing.plaf.basic.BasicMenuItemUI$Handler.mouseReleased(BasicMenuItemUI.java:1073)
dic 15, 2024 6:05:20 P. M. PVZGUI lambda$main$6
GRAVE: java.desktop/java.awt.Component.processMouseEvent(Component.java:6621)
dic 15, 2024 6:05:20 P. M. PVZGUI lambda$main$6
GRAVE: java.desktop/javax.swing.JComponent.processMouseEvent(JComponent.java:3398)
dic 15, 2024 6:05:20 P. M. PVZGUI lambda$main$6
GRAVE: java.desktop/java.awt.Component.processEvent(Component.java:6386)
dic 15, 2024 6:05:20 P. M. PVZGUI lambda$main$6
GRAVE: java.desktop/java.awt.Container.processEvent(Container.java:2266)
dic 15, 2024 6:05:20 P. M. PVZGUI lambda$main$6
GRAVE: java.desktop/java.awt.Component.dispatchEventImpl(Component.java:4996)
dic 15, 2024 6:05:20 P. M. PVZGUI lambda$main$6
GRAVE: java.desktop/java.awt.Container.dispatchEventImpl(Container.java:2324)
dic 15, 2024 6:05:20 P. M. PVZGUI lambda$main$6
GRAVE: java.desktop/java.awt.Component.dispatchEvent(Component.java:4828)
dic 15, 2024 6:05:20 P. M. PVZGUI lambda$main$6
GRAVE: java.desktop/java.awt.LightweightDispatcher.retargetMouseEvent(Container.java:4948)
dic 15, 2024 6:05:20 P. M. PVZGUI lambda$main$6
GRAVE: java.desktop/java.awt.LightweightDispatcher.processMouseEvent(Container.java:4575)
dic 15, 2024 6:05:20 P. M. PVZGUI lambda$main$6
GRAVE: java.desktop/java.awt.LightweightDispatcher.dispatchEvent(Container.java:4516)
dic 15, 2024 6:05:20 P. M. PVZGUI lambda$main$6
GRAVE: java.desktop/java.awt.Container.dispatchEventImpl(Container.java:2310)
dic 15, 2024 6:05:20 P. M. PVZGUI lambda$main$6
GRAVE: java.desktop/java.awt.Window.dispatchEventImpl(Window.java:2780)
dic 15, 2024 6:05:20 P. M. PVZGUI lambda$main$6
GRAVE: java.desktop/java.awt.Component.dispatchEvent(Component.java:4828)
dic 15, 2024 6:05:20 P. M. PVZGUI lambda$main$6
GRAVE: java.desktop/java.awt.EventQueue.dispatchEventImpl(EventQueue.java:775)
dic 15, 2024 6:05:20 P. M. PVZGUI lambda$main$6
GRAVE: java.desktop/java.awt.EventQueue$4.run(EventQueue.java:720)
dic 15, 2024 6:05:20 P. M. PVZGUI lambda$main$6
GRAVE: java.desktop/java.awt.EventQueue$4.run(EventQueue.java:714)
dic 15, 2024 6:05:20 P. M. PVZGUI lambda$main$6
GRAVE: java.base/java.security.AccessController.doPrivileged(AccessController.java:400)
dic 15, 2024 6:05:20 P. M. PVZGUI lambda$main$6
GRAVE: java.base/java.security.ProtectionDomain$JavaSecurityAccessImpl.doIntersectionPrivilege(ProtectionDomain.java:87)
dic 15, 2024 6:05:20 P. M. PVZGUI lambda$main$6
GRAVE: java.base/java.security.ProtectionDomain$JavaSecurityAccessImpl.doIntersectionPrivilege(ProtectionDomain.java:98)
dic 15, 2024 6:05:20 P. M. PVZGUI lambda$main$6
GRAVE: java.desktop/java.awt.EventQueue$5.run(EventQueue.java:747)
dic 15, 2024 6:05:20 P. M. PVZGUI lambda$main$6
GRAVE: java.desktop/java.awt.EventQueue$5.run(EventQueue.java:745)
dic 15, 2024 6:05:20 P. M. PVZGUI lambda$main$6
GRAVE: java.base/java.security.AccessController.doPrivileged(AccessController.java:400)
dic 15, 2024 6:05:20 P. M. PVZGUI lambda$main$6
GRAVE: java.base/java.security.ProtectionDomain$JavaSecurityAccessImpl.doIntersectionPrivilege(ProtectionDomain.java:87)
dic 15, 2024 6:05:20 P. M. PVZGUI lambda$main$6
GRAVE: java.desktop/java.awt.EventQueue.dispatchEvent(EventQueue.java:744)
dic 15, 2024 6:05:20 P. M. PVZGUI lambda$main$6
GRAVE: java.desktop/java.awt.EventDispatchThread.pumpOneEventForFilters(EventDispatchThread.java:203)
dic 15, 2024 6:05:20 P. M. PVZGUI lambda$main$6
GRAVE: java.desktop/java.awt.EventDispatchThread.pumpEventsForFilter(EventDispatchThread.java:124)
dic 15, 2024 6:05:20 P. M. PVZGUI lambda$main$6
GRAVE: java.desktop/java.awt.EventDispatchThread.pumpEventsForHierarchy(EventDispatchThread.java:113)
dic 15, 2024 6:05:20 P. M. PVZGUI lambda$main$6
GRAVE: java.desktop/java.awt.EventDispatchThread.pumpEvents(EventDispatchThread.java:109)
dic 15, 2024 6:05:20 P. M. PVZGUI lambda$main$6
GRAVE: java.desktop/java.awt.EventDispatchThread.pumpEvents(EventDispatchThread.java:101)
dic 15, 2024 6:05:20 P. M. PVZGUI lambda$main$6
GRAVE: java.desktop/java.awt.EventDispatchThread.run(EventDispatchThread.java:90)
dic 15, 2024 6:07:28 P. M. PVZException logException
GRAVE: PVZException: The suns aren't enough
dic 15, 2024 6:16:02 P. M. PVZException logException
GRAVE: PVZException: The value isn't a number
dic 15, 2024 6:16:47 P. M. PVZException logException
GRAVE: PVZException: You don't select a plant to add
dic 15, 2024 6:17:46 P. M. PVZException logException
GRAVE: PVZException: One plant is already in this cell
dic 15, 2024 6:17:51 P. M. PVZException logException
GRAVE: PVZException: The suns aren't enough
dic 15, 2024 6:17:53 P. M. PVZException logException
GRAVE: PVZException: Can't plant on this cell
dic 15, 2024 6:18:00 P. M. PVZException logException
GRAVE: PVZException: The suns aren't enough
dic 15, 2024 6:18:11 P. M. PVZException logException
GRAVE: PVZException: The suns aren't enough
dic 15, 2024 6:18:33 P. M. PVZException logException
GRAVE: PVZException: The suns aren't enough
dic 15, 2024 6:18:34 P. M. PVZException logException
GRAVE: PVZException: The suns aren't enough
dic 15, 2024 6:52:54 P. M. PVZException logException
GRAVE: PVZException: The suns aren't enough
dic 15, 2024 6:53:27 P. M. PVZException logException
GRAVE: PVZException: One plant is already in this cell
dic 15, 2024 7:36:34 P. M. PVZException logException
GRAVE: PVZException: Can't plant on this cell
dic 15, 2024 7:37:29 P. M. PVZException logException
GRAVE: PVZException: You don't choose a type to zombie player
dic 15, 2024 7:37:53 P. M. PVZException logException
GRAVE: PVZException: One plant is already in this cell
dic 15, 2024 7:38:03 P. M. PVZException logException
GRAVE: PVZException: One plant is already in this cell
dic 15, 2024 7:38:13 P. M. PVZException logException
GRAVE: PVZException: One plant is already in this cell
dic 15, 2024 7:38:23 P. M. PVZException logException
GRAVE: PVZException: One plant is already in this cell
dic 15, 2024 7:38:33 P. M. PVZException logException
GRAVE: PVZException: One plant is already in this cell
dic 15, 2024 7:38:43 P. M. PVZException logException
GRAVE: PVZException: One plant is already in this cell
dic 15, 2024 7:38:53 P. M. PVZException logException
GRAVE: PVZException: One plant is already in this cell
dic 15, 2024 7:53:31 P. M. PVZException logException
GRAVE: PVZException: The suns aren't enough
dic 15, 2024 7:53:41 P. M. PVZException logException
GRAVE: PVZException: The suns aren't enough
dic 15, 2024 7:53:51 P. M. PVZException logException
GRAVE: PVZException: The suns aren't enough
dic 15, 2024 7:54:01 P. M. PVZException logException
GRAVE: PVZException: The suns aren't enough
dic 15, 2024 7:54:11 P. M. PVZException logException
GRAVE: PVZException: The plant that do you wanna add doesn't exist
dic 15, 2024 7:54:21 P. M. PVZException logException
GRAVE: PVZException: The plant that do you wanna add doesn't exist
dic 15, 2024 7:54:31 P. M. PVZException logException
GRAVE: PVZException: The suns aren't enough
dic 15, 2024 8:00:24 P. M. PVZException logException
GRAVE: PVZException: The suns aren't enough
dic 15, 2024 8:00:34 P. M. PVZException logException
GRAVE: PVZException: The suns aren't enough
dic 15, 2024 8:00:44 P. M. PVZException logException
GRAVE: PVZException: The suns aren't enough
dic 15, 2024 8:00:54 P. M. PVZException logException
GRAVE: PVZException: The suns aren't enough
dic 15, 2024 8:01:04 P. M. PVZException logException
GRAVE: PVZException: The plant that do you wanna add doesn't exist
dic 15, 2024 8:01:14 P. M. PVZException logException
GRAVE: PVZException: The plant that do you wanna add doesn't exist
dic 15, 2024 8:01:24 P. M. PVZException logException
GRAVE: PVZException: The plant that do you wanna add doesn't exist
dic 15, 2024 8:01:34 P. M. PVZException logException
GRAVE: PVZException: The plant that do you wanna add doesn't exist
dic 15, 2024 8:02:59 P. M. PVZException logException
GRAVE: PVZException: The suns aren't enough
dic 15, 2024 8:03:09 P. M. PVZException logException
GRAVE: PVZException: The suns aren't enough
dic 15, 2024 8:03:19 P. M. PVZException logException
GRAVE: PVZException: The suns aren't enough
dic 15, 2024 8:03:29 P. M. PVZException logException
GRAVE: PVZException: The suns aren't enough
dic 15, 2024 8:03:39 P. M. PVZException logException
GRAVE: PVZException: The suns aren't enough
dic 15, 2024 8:08:40 P. M. PVZException logException
GRAVE: PVZException: The suns aren't enough
dic 15, 2024 8:08:50 P. M. PVZException logException
GRAVE: PVZException: The suns aren't enough
dic 15, 2024 8:09:00 P. M. PVZException logException
GRAVE: PVZException: The suns aren't enough
dic 15, 2024 8:09:10 P. M. PVZException logException
GRAVE: PVZException: The suns aren't enough
dic 15, 2024 8:09:20 P. M. PVZException logException
GRAVE: PVZException: The suns aren't enough
dic 15, 2024 8:09:30 P. M. PVZException logException
GRAVE: PVZException: The suns aren't enough
dic 15, 2024 8:09:40 P. M. PVZException logException
GRAVE: PVZException: The suns aren't enough
dic 15, 2024 8:13:40 P. M. PVZException logException
GRAVE: PVZException: The suns aren't enough
dic 15, 2024 8:13:50 P. M. PVZException logException
GRAVE: PVZException: The suns aren't enough
dic 15, 2024 8:14:00 P. M. PVZException logException
GRAVE: PVZException: The suns aren't enough
dic 15, 2024 8:14:10 P. M. PVZException logException
GRAVE: PVZException: The suns aren't enough
dic 15, 2024 8:14:20 P. M. PVZException logException
GRAVE: PVZException: The suns aren't enough
dic 15, 2024 8:14:30 P. M. PVZException logException
GRAVE: PVZException: The suns aren't enough
dic 15, 2024 8:14:40 P. M. PVZException logException
GRAVE: PVZException: The suns aren't enough
dic 15, 2024 8:14:50 P. M. PVZException logException
GRAVE: PVZException: The suns aren't enough
dic 15, 2024 8:15:00 P. M. PVZException logException
GRAVE: PVZException: The suns aren't enough
dic 15, 2024 8:15:10 P. M. PVZException logException
GRAVE: PVZException: The suns aren't enough
dic 15, 2024 8:15:20 P. M. PVZException logException
GRAVE: PVZException: The suns aren't enough
dic 15, 2024 8:15:50 P. M. PVZException logException
GRAVE: PVZException: The suns aren't enough
dic 15, 2024 8:16:00 P. M. PVZException logException
GRAVE: PVZException: The suns aren't enough
dic 15, 2024 8:16:10 P. M. PVZException logException
GRAVE: PVZException: The suns aren't enough
dic 15, 2024 8:16:20 P. M. PVZException logException
GRAVE: PVZException: The suns aren't enough
dic 15, 2024 9:04:33 P. M. PVZException logException
GRAVE: PVZException: The suns aren't enough
dic 15, 2024 9:05:07 P. M. PVZException logException
GRAVE: PVZException: One plant is already in this cell
dic 15, 2024 9:22:11 P. M. PVZException logException
GRAVE: PVZException: The suns aren't enough
dic 15, 2024 9:22:21 P. M. PVZException logException
GRAVE: PVZException: The suns aren't enough
dic 15, 2024 9:22:24 P. M. PVZGUI lambda$main$6
GRAVE: Excepción no manejada en el hilo 'AWT-EventQueue-0': Cannot invoke "javax.swing.Timer.isRunning()" because "this.hordeDuration" is null
dic 15, 2024 9:22:24 P. M. PVZGUI lambda$main$6
GRAVE: MvsM.finishGame(MvsM.java:20)
dic 15, 2024 9:22:24 P. M. PVZGUI lambda$main$6
GRAVE: PVZ.endGame(PVZ.java:732)
dic 15, 2024 9:22:24 P. M. PVZGUI lambda$main$6
GRAVE: PVZInGame.openPrincipalWindow(PVZInGame.java:403)
dic 15, 2024 9:22:24 P. M. PVZGUI lambda$main$6
GRAVE: PVZInGame.lambda$prepareActions$2(PVZInGame.java:346)
dic 15, 2024 9:22:24 P. M. PVZGUI lambda$main$6
GRAVE: java.desktop/javax.swing.AbstractButton.fireActionPerformed(AbstractButton.java:1972)
dic 15, 2024 9:22:24 P. M. PVZGUI lambda$main$6
GRAVE: java.desktop/javax.swing.AbstractButton$Handler.actionPerformed(AbstractButton.java:2314)
dic 15, 2024 9:22:24 P. M. PVZGUI lambda$main$6
GRAVE: java.desktop/javax.swing.DefaultButtonModel.fireActionPerformed(DefaultButtonModel.java:407)
dic 15, 2024 9:22:24 P. M. PVZGUI lambda$main$6
GRAVE: java.desktop/javax.swing.DefaultButtonModel.setPressed(DefaultButtonModel.java:262)
dic 15, 2024 9:22:24 P. M. PVZGUI lambda$main$6
GRAVE: java.desktop/javax.swing.AbstractButton.doClick(AbstractButton.java:374)
dic 15, 2024 9:22:24 P. M. PVZGUI lambda$main$6
GRAVE: java.desktop/javax.swing.plaf.basic.BasicMenuItemUI.doClick(BasicMenuItemUI.java:1029)
dic 15, 2024 9:22:24 P. M. PVZGUI lambda$main$6
GRAVE: java.desktop/javax.swing.plaf.basic.BasicMenuItemUI$Handler.mouseReleased(BasicMenuItemUI.java:1073)
dic 15, 2024 9:22:24 P. M. PVZGUI lambda$main$6
GRAVE: java.desktop/java.awt.Component.processMouseEvent(Component.java:6621)
dic 15, 2024 9:22:24 P. M. PVZGUI lambda$main$6
GRAVE: java.desktop/javax.swing.JComponent.processMouseEvent(JComponent.java:3398)
dic 15, 2024 9:22:24 P. M. PVZGUI lambda$main$6
GRAVE: java.desktop/java.awt.Component.processEvent(Component.java:6386)
dic 15, 2024 9:22:24 P. M. PVZGUI lambda$main$6
GRAVE: java.desktop/java.awt.Container.processEvent(Container.java:2266)
dic 15, 2024 9:22:24 P. M. PVZGUI lambda$main$6
GRAVE: java.desktop/java.awt.Component.dispatchEventImpl(Component.java:4996)
dic 15, 2024 9:22:24 P. M. PVZGUI lambda$main$6
GRAVE: java.desktop/java.awt.Container.dispatchEventImpl(Container.java:2324)
dic 15, 2024 9:22:24 P. M. PVZGUI lambda$main$6
GRAVE: java.desktop/java.awt.Component.dispatchEvent(Component.java:4828)
dic 15, 2024 9:22:24 P. M. PVZGUI lambda$main$6
GRAVE: java.desktop/java.awt.LightweightDispatcher.retargetMouseEvent(Container.java:4948)
dic 15, 2024 9:22:24 P. M. PVZGUI lambda$main$6
GRAVE: java.desktop/java.awt.LightweightDispatcher.processMouseEvent(Container.java:4575)
dic 15, 2024 9:22:24 P. M. PVZGUI lambda$main$6
GRAVE: java.desktop/java.awt.LightweightDispatcher.dispatchEvent(Container.java:4516)
dic 15, 2024 9:22:24 P. M. PVZGUI lambda$main$6
GRAVE: java.desktop/java.awt.Container.dispatchEventImpl(Container.java:2310)
dic 15, 2024 9:22:24 P. M. PVZGUI lambda$main$6
GRAVE: java.desktop/java.awt.Window.dispatchEventImpl(Window.java:2780)
dic 15, 2024 9:22:24 P. M. PVZGUI lambda$main$6
GRAVE: java.desktop/java.awt.Component.dispatchEvent(Component.java:4828)
dic 15, 2024 9:22:24 P. M. PVZGUI lambda$main$6
GRAVE: java.desktop/java.awt.EventQueue.dispatchEventImpl(EventQueue.java:775)
dic 15, 2024 9:22:24 P. M. PVZGUI lambda$main$6
GRAVE: java.desktop/java.awt.EventQueue$4.run(EventQueue.java:720)
dic 15, 2024 9:22:24 P. M. PVZGUI lambda$main$6
GRAVE: java.desktop/java.awt.EventQueue$4.run(EventQueue.java:714)
dic 15, 2024 9:22:24 P. M. PVZGUI lambda$main$6
GRAVE: java.base/java.security.AccessController.doPrivileged(AccessController.java:400)
dic 15, 2024 9:22:24 P. M. PVZGUI lambda$main$6
GRAVE: java.base/java.security.ProtectionDomain$JavaSecurityAccessImpl.doIntersectionPrivilege(ProtectionDomain.java:87)
dic 15, 2024 9:22:24 P. M. PVZGUI lambda$main$6
GRAVE: java.base/java.security.ProtectionDomain$JavaSecurityAccessImpl.doIntersectionPrivilege(ProtectionDomain.java:98)
dic 15, 2024 9:22:24 P. M. PVZGUI lambda$main$6
GRAVE: java.desktop/java.awt.EventQueue$5.run(EventQueue.java:747)
dic 15, 2024 9:22:24 P. M. PVZGUI lambda$main$6
GRAVE: java.desktop/java.awt.EventQueue$5.run(EventQueue.java:745)
dic 15, 2024 9:22:24 P. M. PVZGUI lambda$main$6
GRAVE: java.base/java.security.AccessController.doPrivileged(AccessController.java:400)
dic 15, 2024 9:22:24 P. M. PVZGUI lambda$main$6
GRAVE: java.base/java.security.ProtectionDomain$JavaSecurityAccessImpl.doIntersectionPrivilege(ProtectionDomain.java:87)
dic 15, 2024 9:22:24 P. M. PVZGUI lambda$main$6
GRAVE: java.desktop/java.awt.EventQueue.dispatchEvent(EventQueue.java:744)
dic 15, 2024 9:22:24 P. M. PVZGUI lambda$main$6
GRAVE: java.desktop/java.awt.EventDispatchThread.pumpOneEventForFilters(EventDispatchThread.java:203)
dic 15, 2024 9:22:24 P. M. PVZGUI lambda$main$6
GRAVE: java.desktop/java.awt.EventDispatchThread.pumpEventsForFilter(EventDispatchThread.java:124)
dic 15, 2024 9:22:24 P. M. PVZGUI lambda$main$6
GRAVE: java.desktop/java.awt.EventDispatchThread.pumpEventsForHierarchy(EventDispatchThread.java:113)
dic 15, 2024 9:22:24 P. M. PVZGUI lambda$main$6
GRAVE: java.desktop/java.awt.EventDispatchThread.pumpEvents(EventDispatchThread.java:109)
dic 15, 2024 9:22:24 P. M. PVZGUI lambda$main$6
GRAVE: java.desktop/java.awt.EventDispatchThread.pumpEvents(EventDispatchThread.java:101)
dic 15, 2024 9:22:24 P. M. PVZGUI lambda$main$6
GRAVE: java.desktop/java.awt.EventDispatchThread.run(EventDispatchThread.java:90)
dic 15, 2024 9:22:31 P. M. PVZException logException
GRAVE: PVZException: The suns aren't enough
dic 15, 2024 9:22:41 P. M. PVZException logException
GRAVE: PVZException: The suns aren't enough
dic 15, 2024 9:23:28 P. M. PVZException logException
GRAVE: PVZException: The suns aren't enough
dic 15, 2024 9:23:38 P. M. PVZException logException
GRAVE: PVZException: The suns aren't enough
dic 15, 2024 9:23:48 P. M. PVZException logException
GRAVE: PVZException: The suns aren't enough
dic 15, 2024 9:23:58 P. M. PVZException logException
GRAVE: PVZException: The suns aren't enough
dic 15, 2024 9:27:11 P. M. PVZException logException
GRAVE: PVZException: The suns aren't enough
dic 15, 2024 9:27:21 P. M. PVZException logException
GRAVE: PVZException: The suns aren't enough
dic 15, 2024 9:27:31 P. M. PVZException logException
GRAVE: PVZException: The suns aren't enough
dic 15, 2024 9:27:41 P. M. PVZException logException
GRAVE: PVZException: The suns aren't enough
dic 15, 2024 9:27:51 P. M. PVZException logException
GRAVE: PVZException: The suns aren't enough
dic 15, 2024 9:29:59 P. M. PVZException logException
GRAVE: PVZException: The suns aren't enough
dic 15, 2024 9:30:09 P. M. PVZException logException
GRAVE: PVZException: The suns aren't enough
dic 15, 2024 9:31:09 P. M. PVZException logException
GRAVE: PVZException: The suns aren't enough
dic 15, 2024 9:31:19 P. M. PVZException logException
GRAVE: PVZException: The suns aren't enough
dic 15, 2024 9:31:29 P. M. PVZException logException
GRAVE: PVZException: The suns aren't enough
dic 15, 2024 9:31:39 P. M. PVZException logException
GRAVE: PVZException: The suns aren't enough
dic 15, 2024 9:33:06 P. M. PVZException logException
GRAVE: PVZException: The suns aren't enough
dic 15, 2024 9:33:16 P. M. PVZException logException
GRAVE: PVZException: The suns aren't enough
dic 15, 2024 9:33:26 P. M. PVZException logException
GRAVE: PVZException: The suns aren't enough
dic 15, 2024 9:33:36 P. M. PVZException logException
GRAVE: PVZException: The suns aren't enough
